<!DOCTYPE html PUBLIC "-//W3C//DTD XHTML 1.1//EN" "http://www.w3.org/TR/xhtml11/DTD/xhtml11.dtd">
<html xmlns="http://www.w3.org/1999/xhtml"><head><title>TestNG Report</title><style type="text/css">table {margin-bottom:10px;border-collapse:collapse;empty-cells:show}th,td {border:1px solid #009;padding:.25em .5em}th {vertical-align:bottom}td {vertical-align:top}table a {font-weight:bold}.stripe td {background-color: #E6EBF9}.num {text-align:right}.passedodd td {background-color: #3F3}.passedeven td {background-color: #0A0}.skippedodd td {background-color: #DDD}.skippedeven td {background-color: #CCC}.failedodd td,.attn {background-color: #F33}.failedeven td,.stripe .attn {background-color: #D00}.stacktrace {white-space:pre;font-family:monospace}.totop {font-size:85%;text-align:center;border-bottom:2px solid #000}</style></head><body><table><tr><th>Test</th><th># Passed</th><th># Skipped</th><th># Failed</th><th>Time (ms)</th><th>Included Groups</th><th>Excluded Groups</th></tr><tr><th colspan="7">Maui Jim B2C Checkout Execution Suite</th></tr><tr><td><a href="#t0">Guest Checkout</a></td><td class="num">0</td><td class="num">0</td><td class="num attn">2</td><td class="num">332,688</td><td></td><td></td></tr></table><table id='summary'><thead><tr><th>Class</th><th>Method</th><th>Start</th><th>Time (ms)</th></tr></thead><tbody><tr><th colspan="4">Maui Jim B2C Checkout Execution Suite</th></tr></tbody><tbody id="t0"><tr><th colspan="4">Guest Checkout &#8212; failed</th></tr><tr class="failedeven"><td rowspan="2">com.pragiti.excutionEngine.UIExecutor</td><td><a href="#m0">execute</a></td><td rowspan="2">1504161039125</td><td rowspan="2">138139</td></tr><tr class="failedeven"><td><a href="#m1">execute</a></td></tr></tbody></table><h2>Guest Checkout</h2><h3 id="m0">com.pragiti.excutionEngine.UIExecutor#execute</h3><table class="result"><tr class="param"><th>Parameter #1</th></tr><tr class="param stripe"><td>[abc@test2.com, 6517030545, Tanush, G,  , 353 Kiely Blvd, E109, San Jose, CALIFORNIA, 9529, Standard ($0.00), VISA, Tanush, 4111111111111111, 09, 2022, 785]</td></tr><tr><th>Exception</th></tr><tr><td><div class="stacktrace">org.openqa.selenium.InvalidElementStateException: Element is not enabled
Build info: version: &apos;3.4.0&apos;, revision: &apos;unknown&apos;, time: &apos;unknown&apos;
System info: host: &apos;WIN-SB3ER6JQ6ME&apos;, ip: &apos;10.100.28.34&apos;, os.name: &apos;Windows 10&apos;, os.arch: &apos;x86&apos;, os.version: &apos;10.0&apos;, java.version: &apos;1.8.0_91&apos;
Driver info: org.openqa.selenium.firefox.FirefoxDriver
Capabilities [{moz:profile=C:\Users\ADMINI~1\AppData\Local\Temp\rust_mozprofile.BeG3ptCKFh6q, rotatable=false, timeouts={implicit=0.0, pageLoad=300000.0, script=30000.0}, pageLoadStrategy=normal, platform=ANY, proxy=Proxy(pac: http://127.0.0.1:19876/pac.js), specificationLevel=0.0, moz:accessibilityChecks=false, acceptInsecureCerts=false, browserVersion=54.0, platformVersion=10.0, moz:processID=3860.0, browserName=firefox, javascriptEnabled=true, platformName=windows_nt}]
Session ID: XXXXXXXX-XXXX-XXXX-XXXX-XXXX1623e19a
Command duration or timeout: 300 milliseconds
	at org.openqa.selenium.remote.ErrorHandler.createThrowable(ErrorHandler.java:215)
	at org.openqa.selenium.remote.ErrorHandler.throwIfResponseFailed(ErrorHandler.java:167)
	at org.openqa.selenium.remote.RemoteWebDriver.execute(RemoteWebDriver.java:671)
	at org.openqa.selenium.remote.RemoteWebElement.execute(RemoteWebElement.java:272)
	at org.openqa.selenium.remote.RemoteWebElement.click(RemoteWebElement.java:82)
	at com.pragiti.excutionEngine.ActionKeys.click(ActionKeys.java:114)
	at com.pragiti.excutionEngine.ActionKeys.executeAction(ActionKeys.java:30)
	at com.pragiti.excutionEngine.UIExecutor.execute(UIExecutor.java:86)
Caused by: org.openqa.selenium.InvalidElementStateException: Element is not enabled
Build info: version: &apos;3.4.0&apos;, revision: &apos;unknown&apos;, time: &apos;unknown&apos;
System info: host: &apos;WIN-SB3ER6JQ6ME&apos;, ip: &apos;10.100.28.34&apos;, os.name: &apos;Windows 10&apos;, os.arch: &apos;x86&apos;, os.version: &apos;10.0&apos;, java.version: &apos;1.8.0_91&apos;
Driver info: org.openqa.selenium.firefox.FirefoxDriver
Capabilities [{moz:profile=C:\Users\ADMINI~1\AppData\Local\Temp\rust_mozprofile.BeG3ptCKFh6q, rotatable=false, timeouts={implicit=0.0, pageLoad=300000.0, script=30000.0}, pageLoadStrategy=normal, platform=ANY, proxy=Proxy(pac: http://127.0.0.1:19876/pac.js), specificationLevel=0.0, moz:accessibilityChecks=false, acceptInsecureCerts=false, browserVersion=54.0, platformVersion=10.0, moz:processID=3860.0, browserName=firefox, javascriptEnabled=true, platformName=windows_nt}]
Session ID: XXXXXXXX-XXXX-XXXX-XXXX-XXXX1623e19a
Build info: version: &apos;3.4.0&apos;, revision: &apos;unknown&apos;, time: &apos;unknown&apos;
System info: host: &apos;SAMIK-PC&apos;, ip: &apos;10.103.6.163&apos;, os.name: &apos;Windows 8.1&apos;, os.arch: &apos;amd64&apos;, os.version: &apos;6.3&apos;, java.version: &apos;1.8.0_45&apos;
Driver info: driver.version: RemoteWebDriver
	at org.openqa.selenium.remote.http.W3CHttpResponseCodec.createException(W3CHttpResponseCodec.java:150)
	at org.openqa.selenium.remote.http.W3CHttpResponseCodec.decode(W3CHttpResponseCodec.java:115)
	at org.openqa.selenium.remote.http.W3CHttpResponseCodec.decode(W3CHttpResponseCodec.java:45)
	at org.openqa.selenium.remote.HttpCommandExecutor.execute(HttpCommandExecutor.java:164)
	at org.openqa.selenium.remote.service.DriverCommandExecutor.execute(DriverCommandExecutor.java:82)
	at org.openqa.selenium.remote.RemoteWebDriver.execute(RemoteWebDriver.java:637)
	at org.openqa.selenium.remote.RemoteWebElement.execute(RemoteWebElement.java:272)
	at org.openqa.selenium.remote.RemoteWebElement.click(RemoteWebElement.java:82)
	at org.openqa.selenium.support.events.EventFiringWebDriver$EventFiringWebElement$1.invoke(EventFiringWebDriver.java:332)
	at com.sun.proxy.$Proxy5.click(Unknown Source)
	at org.openqa.selenium.support.events.EventFiringWebDriver$EventFiringWebElement.click(EventFiringWebDriver.java:345)
	at org.openqa.selenium.remote.server.KnownElements$1.invoke(KnownElements.java:64)
	at com.sun.proxy.$Proxy6.click(Unknown Source)
	at org.openqa.selenium.remote.server.handler.ClickElement.call(ClickElement.java:30)
	at org.openqa.selenium.remote.server.handler.ClickElement.call(ClickElement.java:22)
	at java.util.concurrent.FutureTask.run(Unknown Source)
	at org.openqa.selenium.remote.server.DefaultSession$1.run(DefaultSession.java:176)
	at java.util.concurrent.ThreadPoolExecutor.runWorker(Unknown Source)
	at java.util.concurrent.ThreadPoolExecutor$Worker.run(Unknown Source)
	at java.lang.Thread.run(Unknown Source)
... Removed 39 stack frames</div></td></tr></table><p class="totop"><a href="#summary">back to summary</a></p><h3 id="m1">com.pragiti.excutionEngine.UIExecutor#execute</h3><table class="result"><tr class="param"><th>Parameter #1</th></tr><tr class="param stripe"><td>[abc@test.com, 6514685841, Samik, Banerjee, 1920, 4280 Albany Drive, J223, San Jose, CALIFORNIA, 9529, Standard ($0.00), VISA, samik, 4111111111111111, 09, 2022, 234]</td></tr><tr><th>Exception</th></tr><tr><td><div class="stacktrace">org.openqa.selenium.TimeoutException: Expected condition failed: waiting for presence of element located by: By.id: suggest-address-btn (tried for 20 second(s) with 500 MILLISECONDS interval)
	at org.openqa.selenium.support.ui.WebDriverWait.timeoutException(WebDriverWait.java:80)
	at org.openqa.selenium.support.ui.FluentWait.until(FluentWait.java:232)
	at com.pragiti.excutionEngine.ActionKeys.findElement(ActionKeys.java:142)
	at com.pragiti.excutionEngine.ActionKeys.click(ActionKeys.java:113)
	at com.pragiti.excutionEngine.ActionKeys.executeAction(ActionKeys.java:30)
	at com.pragiti.excutionEngine.UIExecutor.execute(UIExecutor.java:86)
Caused by: org.openqa.selenium.NoSuchElementException: Cannot locate an element using By.id: suggest-address-btn
For documentation on this error, please visit: http://seleniumhq.org/exceptions/no_such_element.html
Build info: version: &apos;3.4.0&apos;, revision: &apos;unknown&apos;, time: &apos;unknown&apos;
System info: host: &apos;SAMIK-PC&apos;, ip: &apos;10.103.6.163&apos;, os.name: &apos;Windows 8.1&apos;, os.arch: &apos;amd64&apos;, os.version: &apos;6.3&apos;, java.version: &apos;1.8.0_45&apos;
Driver info: driver.version: unknown
	at org.openqa.selenium.support.ui.ExpectedConditions.lambda$findElement$0(ExpectedConditions.java:883)
	at org.openqa.selenium.support.ui.ExpectedConditions$$Lambda$96/596333086.get(Unknown Source)
	at java.util.Optional.orElseThrow(Unknown Source)
	at org.openqa.selenium.support.ui.ExpectedConditions.findElement(ExpectedConditions.java:882)
	at org.openqa.selenium.support.ui.ExpectedConditions.access$000(ExpectedConditions.java:44)
	at org.openqa.selenium.support.ui.ExpectedConditions$6.apply(ExpectedConditions.java:183)
	at org.openqa.selenium.support.ui.ExpectedConditions$6.apply(ExpectedConditions.java:180)
	at org.openqa.selenium.support.ui.FluentWait.until(FluentWait.java:209)
	... 29 more
... Removed 25 stack frames</div></td></tr></table><p class="totop"><a href="#summary">back to summary</a></p></body></html>