<!DOCTYPE html>

<html>
  <head>
  <meta charset='utf-8'>
  <title>TestNG reports</title>

    <link type="text/css" href="testng-reports.css" rel="stylesheet" />
    <script type="text/javascript" src="jquery-1.7.1.min.js"></script>
    <script type="text/javascript" src="testng-reports.js"></script>
    <script type="text/javascript" src="https://www.google.com/jsapi"></script>
    <script type='text/javascript'>
      google.load('visualization', '1', {packages:['table']});
      google.setOnLoadCallback(drawTable);
      var suiteTableInitFunctions = new Array();
      var suiteTableData = new Array();
    </script>
    <!--
      <script type="text/javascript" src="jquery-ui/js/jquery-ui-1.8.16.custom.min.js"></script>
     -->
  </head>

  <body>
    <div class="top-banner-root">
      <span class="top-banner-title-font">Test results</span>
      <br/>
      <span class="top-banner-font-1">1 suite, 4 failed tests</span>
    </div> <!-- top-banner-root -->
    <div class="navigator-root">
      <div class="navigator-suite-header">
        <span>All suites</span>
        <a href="#" class="collapse-all-link" title="Collapse/expand all the suites">
          <img class="collapse-all-icon" src="collapseall.gif">
          </img> <!-- collapse-all-icon -->
        </a> <!-- collapse-all-link -->
      </div> <!-- navigator-suite-header -->
      <div class="suite">
        <div class="rounded-window">
          <div class="suite-header light-rounded-window-top">
            <a href="#" class="navigator-link" panel-name="suite-Maui_Jim_Test_Execution_Suite">
              <span class="suite-name border-failed">Maui Jim Test Execution Suite</span>
            </a> <!-- navigator-link -->
          </div> <!-- suite-header light-rounded-window-top -->
          <div class="navigator-suite-content">
            <div class="suite-section-title">
              <span>Info</span>
            </div> <!-- suite-section-title -->
            <div class="suite-section-content">
              <ul>
                <li>
                  <a href="#" class="navigator-link " panel-name="test-xml-Maui_Jim_Test_Execution_Suite">
                    <span>E:\Accelerator\workspace\B2CATA-Hybrid\resources\TestExecutionSuite-testng.xml</span>
                  </a> <!-- navigator-link  -->
                </li>
                <li>
                  <a href="#" class="navigator-link " panel-name="testlist-Maui_Jim_Test_Execution_Suite">
                    <span class="test-stats">2 tests</span>
                  </a> <!-- navigator-link  -->
                </li>
                <li>
                  <a href="#" class="navigator-link " panel-name="group-Maui_Jim_Test_Execution_Suite">
                    <span>0 groups</span>
                  </a> <!-- navigator-link  -->
                </li>
                <li>
                  <a href="#" class="navigator-link " panel-name="times-Maui_Jim_Test_Execution_Suite">
                    <span>Times</span>
                  </a> <!-- navigator-link  -->
                </li>
                <li>
                  <a href="#" class="navigator-link " panel-name="reporter-Maui_Jim_Test_Execution_Suite">
                    <span>Reporter output</span>
                  </a> <!-- navigator-link  -->
                </li>
                <li>
                  <a href="#" class="navigator-link " panel-name="ignored-methods-Maui_Jim_Test_Execution_Suite">
                    <span>Ignored methods</span>
                  </a> <!-- navigator-link  -->
                </li>
                <li>
                  <a href="#" class="navigator-link " panel-name="chronological-Maui_Jim_Test_Execution_Suite">
                    <span>Chronological view</span>
                  </a> <!-- navigator-link  -->
                </li>
              </ul>
            </div> <!-- suite-section-content -->
            <div class="result-section">
              <div class="suite-section-title">
                <span>Results</span>
              </div> <!-- suite-section-title -->
              <div class="suite-section-content">
                <ul>
                  <li>
                    <span class="method-stats">4 methods, 4 failed,   </span>
                  </li>
                  <li>
                    <span class="method-list-title failed">Failed methods</span>
                    <span class="show-or-hide-methods failed">
                      <a href="#" panel-name="suite-Maui_Jim_Test_Execution_Suite" class="hide-methods failed suite-Maui_Jim_Test_Execution_Suite"> (hide)</a> <!-- hide-methods failed suite-Maui_Jim_Test_Execution_Suite -->
                      <a href="#" panel-name="suite-Maui_Jim_Test_Execution_Suite" class="show-methods failed suite-Maui_Jim_Test_Execution_Suite"> (show)</a> <!-- show-methods failed suite-Maui_Jim_Test_Execution_Suite -->
                    </span>
                    <div class="method-list-content failed suite-Maui_Jim_Test_Execution_Suite">
                      <span>
                        <img width="3%" src="failed.png"/>
                        <a href="#" class="method navigator-link" panel-name="suite-Maui_Jim_Test_Execution_Suite" title="com.pragiti.excutionEngine.UIExecutor" hash-for-method="execute([//div[@id=&#039;holderCountry&#039;]//a[contains(text(),&#039;CANADA&#039;)]/span[contains(text(),&#039;(English)&#039;)], abc@te...)">execute([//div[@id='holderCountry']//a[contains(text(),'CANADA')]/span[contains(text(),'(English)')], abc@te...)</a> <!-- method navigator-link -->
                      </span>
                      <br/>
                      <span>
                        <img width="3%" src="failed.png"/>
                        <a href="#" class="method navigator-link" panel-name="suite-Maui_Jim_Test_Execution_Suite" title="com.pragiti.excutionEngine.UIExecutor" hash-for-method="execute([//div[@id=&#039;holderCountry&#039;]//a[contains(text(),&#039;AUSTRALIA&#039;)]/span[contains(text(),&#039;(English)&#039;)], abc...)">execute([//div[@id='holderCountry']//a[contains(text(),'AUSTRALIA')]/span[contains(text(),'(English)')], abc...)</a> <!-- method navigator-link -->
                      </span>
                      <br/>
                      <span>
                        <img width="3%" src="failed.png"/>
                        <a href="#" class="method navigator-link" panel-name="suite-Maui_Jim_Test_Execution_Suite" title="com.pragiti.excutionEngine.UIExecutor" hash-for-method="execute([//div[@id=&#039;holderCountry&#039;]//a[contains(text(),&#039;India&#039;)]/span[contains(text(),&#039;(English)&#039;)], abc@tes...)">execute([//div[@id='holderCountry']//a[contains(text(),'India')]/span[contains(text(),'(English)')], abc@tes...)</a> <!-- method navigator-link -->
                      </span>
                      <br/>
                      <span>
                        <img width="3%" src="failed.png"/>
                        <a href="#" class="method navigator-link" panel-name="suite-Maui_Jim_Test_Execution_Suite" title="com.pragiti.excutionEngine.UIExecutor" hash-for-method="execute([//div[@id=&#039;holderCountry&#039;]//a[contains(text(),&#039;Germany&#039;)]/span[contains(text(),&#039;(German)&#039;)], abc@te...)">execute([//div[@id='holderCountry']//a[contains(text(),'Germany')]/span[contains(text(),'(German)')], abc@te...)</a> <!-- method navigator-link -->
                      </span>
                      <br/>
                    </div> <!-- method-list-content failed suite-Maui_Jim_Test_Execution_Suite -->
                  </li>
                </ul>
              </div> <!-- suite-section-content -->
            </div> <!-- result-section -->
          </div> <!-- navigator-suite-content -->
        </div> <!-- rounded-window -->
      </div> <!-- suite -->
    </div> <!-- navigator-root -->
    <div class="wrapper">
      <div class="main-panel-root">
        <div panel-name="suite-Maui_Jim_Test_Execution_Suite" class="panel Maui_Jim_Test_Execution_Suite">
          <div class="suite-Maui_Jim_Test_Execution_Suite-class-failed">
            <div class="main-panel-header rounded-window-top">
              <img src="failed.png"/>
              <span class="class-name">com.pragiti.excutionEngine.UIExecutor</span>
            </div> <!-- main-panel-header rounded-window-top -->
            <div class="main-panel-content rounded-window-bottom">
              <div class="method">
                <div class="method-content">
                  <a name="execute([//div[@id=&#039;holderCountry&#039;]//a[contains(text(),&#039;CANADA&#039;)]/span[contains(text(),&#039;(English)&#039;)], abc@te...)">
                  </a> <!-- execute([//div[@id='holderCountry']//a[contains(text(),'CANADA')]/span[contains(text(),'(English)')], abc@te...) -->
                  <span class="method-name">execute</span>
                  <span class="parameters">([//div[@id='holderCountry']//a[contains(text(),'CANADA')]/span[contains(text(),'(English)')], abc@test90.com, 2A@34567890, SAMIK BANERJEE1])</span>
                  <div class="stack-trace">org.openqa.selenium.TimeoutException: Expected condition failed: waiting for presence of element located by: By.xpath: //a[contains(@href, &apos;/login&apos;)] (tried for 20 second(s) with 500 MILLISECONDS interval)
	at org.openqa.selenium.support.ui.WebDriverWait.timeoutException(WebDriverWait.java:80)
	at org.openqa.selenium.support.ui.FluentWait.until(FluentWait.java:232)
	at com.pragiti.excutionEngine.ActionKeys.findElement(ActionKeys.java:116)
	at com.pragiti.excutionEngine.ActionKeys.click(ActionKeys.java:87)
	at com.pragiti.excutionEngine.ActionKeys.executeAction(ActionKeys.java:27)
	at com.pragiti.excutionEngine.UIExecutor.execute(UIExecutor.java:70)
Caused by: org.openqa.selenium.NoSuchElementException: Cannot locate an element using By.xpath: //a[contains(@href, &apos;/login&apos;)]
For documentation on this error, please visit: http://seleniumhq.org/exceptions/no_such_element.html
Build info: version: &apos;3.4.0&apos;, revision: &apos;unknown&apos;, time: &apos;unknown&apos;
System info: host: &apos;SAMIK-PC&apos;, ip: &apos;10.103.6.213&apos;, os.name: &apos;Windows 8.1&apos;, os.arch: &apos;amd64&apos;, os.version: &apos;6.3&apos;, java.version: &apos;1.8.0_45&apos;
Driver info: driver.version: unknown
	at org.openqa.selenium.support.ui.ExpectedConditions.lambda$findElement$0(ExpectedConditions.java:883)
	at org.openqa.selenium.support.ui.ExpectedConditions$$Lambda$101/1659286984.get(Unknown Source)
	at java.util.Optional.orElseThrow(Unknown Source)
	at org.openqa.selenium.support.ui.ExpectedConditions.findElement(ExpectedConditions.java:882)
	at org.openqa.selenium.support.ui.ExpectedConditions.access$000(ExpectedConditions.java:44)
	at org.openqa.selenium.support.ui.ExpectedConditions$6.apply(ExpectedConditions.java:183)
	at org.openqa.selenium.support.ui.ExpectedConditions$6.apply(ExpectedConditions.java:180)
	at org.openqa.selenium.support.ui.FluentWait.until(FluentWait.java:209)
	... 29 more
... Removed 25 stack frames
</div> <!-- stack-trace -->
                </div> <!-- method-content -->
              </div> <!-- method -->
              <div class="method">
                <div class="method-content">
                  <a name="execute([//div[@id=&#039;holderCountry&#039;]//a[contains(text(),&#039;AUSTRALIA&#039;)]/span[contains(text(),&#039;(English)&#039;)], abc...)">
                  </a> <!-- execute([//div[@id='holderCountry']//a[contains(text(),'AUSTRALIA')]/span[contains(text(),'(English)')], abc...) -->
                  <span class="method-name">execute</span>
                  <span class="parameters">([//div[@id='holderCountry']//a[contains(text(),'AUSTRALIA')]/span[contains(text(),'(English)')], abc@test90.com, 2A@34567890, SAMIK BANERJEE])</span>
                  <div class="stack-trace">org.openqa.selenium.TimeoutException: Expected condition failed: waiting for presence of element located by: By.xpath: //a[contains(@href, &apos;/login&apos;)] (tried for 20 second(s) with 500 MILLISECONDS interval)
	at org.openqa.selenium.support.ui.WebDriverWait.timeoutException(WebDriverWait.java:80)
	at org.openqa.selenium.support.ui.FluentWait.until(FluentWait.java:232)
	at com.pragiti.excutionEngine.ActionKeys.findElement(ActionKeys.java:116)
	at com.pragiti.excutionEngine.ActionKeys.click(ActionKeys.java:87)
	at com.pragiti.excutionEngine.ActionKeys.executeAction(ActionKeys.java:27)
	at com.pragiti.excutionEngine.UIExecutor.execute(UIExecutor.java:70)
Caused by: org.openqa.selenium.NoSuchElementException: Cannot locate an element using By.xpath: //a[contains(@href, &apos;/login&apos;)]
For documentation on this error, please visit: http://seleniumhq.org/exceptions/no_such_element.html
Build info: version: &apos;3.4.0&apos;, revision: &apos;unknown&apos;, time: &apos;unknown&apos;
System info: host: &apos;SAMIK-PC&apos;, ip: &apos;10.103.6.213&apos;, os.name: &apos;Windows 8.1&apos;, os.arch: &apos;amd64&apos;, os.version: &apos;6.3&apos;, java.version: &apos;1.8.0_45&apos;
Driver info: driver.version: unknown
	at org.openqa.selenium.support.ui.ExpectedConditions.lambda$findElement$0(ExpectedConditions.java:883)
	at org.openqa.selenium.support.ui.ExpectedConditions$$Lambda$101/1659286984.get(Unknown Source)
	at java.util.Optional.orElseThrow(Unknown Source)
	at org.openqa.selenium.support.ui.ExpectedConditions.findElement(ExpectedConditions.java:882)
	at org.openqa.selenium.support.ui.ExpectedConditions.access$000(ExpectedConditions.java:44)
	at org.openqa.selenium.support.ui.ExpectedConditions$6.apply(ExpectedConditions.java:183)
	at org.openqa.selenium.support.ui.ExpectedConditions$6.apply(ExpectedConditions.java:180)
	at org.openqa.selenium.support.ui.FluentWait.until(FluentWait.java:209)
	... 29 more
... Removed 25 stack frames
</div> <!-- stack-trace -->
                </div> <!-- method-content -->
              </div> <!-- method -->
              <div class="method">
                <div class="method-content">
                  <a name="execute([//div[@id=&#039;holderCountry&#039;]//a[contains(text(),&#039;India&#039;)]/span[contains(text(),&#039;(English)&#039;)], abc@tes...)">
                  </a> <!-- execute([//div[@id='holderCountry']//a[contains(text(),'India')]/span[contains(text(),'(English)')], abc@tes...) -->
                  <span class="method-name">execute</span>
                  <span class="parameters">([//div[@id='holderCountry']//a[contains(text(),'India')]/span[contains(text(),'(English)')], abc@test90.com, 2A@34567890, SAMIK BANERJEE])</span>
                  <div class="stack-trace">org.openqa.selenium.TimeoutException: Expected condition failed: waiting for presence of element located by: By.xpath: //a[contains(@href, &apos;/login&apos;)] (tried for 20 second(s) with 500 MILLISECONDS interval)
	at org.openqa.selenium.support.ui.WebDriverWait.timeoutException(WebDriverWait.java:80)
	at org.openqa.selenium.support.ui.FluentWait.until(FluentWait.java:232)
	at com.pragiti.excutionEngine.ActionKeys.findElement(ActionKeys.java:116)
	at com.pragiti.excutionEngine.ActionKeys.click(ActionKeys.java:87)
	at com.pragiti.excutionEngine.ActionKeys.executeAction(ActionKeys.java:27)
	at com.pragiti.excutionEngine.UIExecutor.execute(UIExecutor.java:70)
Caused by: org.openqa.selenium.NoSuchElementException: Cannot locate an element using By.xpath: //a[contains(@href, &apos;/login&apos;)]
For documentation on this error, please visit: http://seleniumhq.org/exceptions/no_such_element.html
Build info: version: &apos;3.4.0&apos;, revision: &apos;unknown&apos;, time: &apos;unknown&apos;
System info: host: &apos;SAMIK-PC&apos;, ip: &apos;10.103.6.213&apos;, os.name: &apos;Windows 8.1&apos;, os.arch: &apos;amd64&apos;, os.version: &apos;6.3&apos;, java.version: &apos;1.8.0_45&apos;
Driver info: driver.version: unknown
	at org.openqa.selenium.support.ui.ExpectedConditions.lambda$findElement$0(ExpectedConditions.java:883)
	at org.openqa.selenium.support.ui.ExpectedConditions$$Lambda$101/1659286984.get(Unknown Source)
	at java.util.Optional.orElseThrow(Unknown Source)
	at org.openqa.selenium.support.ui.ExpectedConditions.findElement(ExpectedConditions.java:882)
	at org.openqa.selenium.support.ui.ExpectedConditions.access$000(ExpectedConditions.java:44)
	at org.openqa.selenium.support.ui.ExpectedConditions$6.apply(ExpectedConditions.java:183)
	at org.openqa.selenium.support.ui.ExpectedConditions$6.apply(ExpectedConditions.java:180)
	at org.openqa.selenium.support.ui.FluentWait.until(FluentWait.java:209)
	... 29 more
... Removed 25 stack frames
</div> <!-- stack-trace -->
                </div> <!-- method-content -->
              </div> <!-- method -->
              <div class="method">
                <div class="method-content">
                  <a name="execute([//div[@id=&#039;holderCountry&#039;]//a[contains(text(),&#039;Germany&#039;)]/span[contains(text(),&#039;(German)&#039;)], abc@te...)">
                  </a> <!-- execute([//div[@id='holderCountry']//a[contains(text(),'Germany')]/span[contains(text(),'(German)')], abc@te...) -->
                  <span class="method-name">execute</span>
                  <span class="parameters">([//div[@id='holderCountry']//a[contains(text(),'Germany')]/span[contains(text(),'(German)')], abc@test90.com, 2A@34567890, SAMIK BANERJEE1])</span>
                  <div class="stack-trace">org.openqa.selenium.TimeoutException: Expected condition failed: waiting for presence of element located by: By.xpath: //a[contains(@href, &apos;/login&apos;)] (tried for 20 second(s) with 500 MILLISECONDS interval)
	at org.openqa.selenium.support.ui.WebDriverWait.timeoutException(WebDriverWait.java:80)
	at org.openqa.selenium.support.ui.FluentWait.until(FluentWait.java:232)
	at com.pragiti.excutionEngine.ActionKeys.findElement(ActionKeys.java:116)
	at com.pragiti.excutionEngine.ActionKeys.click(ActionKeys.java:87)
	at com.pragiti.excutionEngine.ActionKeys.executeAction(ActionKeys.java:27)
	at com.pragiti.excutionEngine.UIExecutor.execute(UIExecutor.java:70)
Caused by: org.openqa.selenium.NoSuchElementException: Cannot locate an element using By.xpath: //a[contains(@href, &apos;/login&apos;)]
For documentation on this error, please visit: http://seleniumhq.org/exceptions/no_such_element.html
Build info: version: &apos;3.4.0&apos;, revision: &apos;unknown&apos;, time: &apos;unknown&apos;
System info: host: &apos;SAMIK-PC&apos;, ip: &apos;10.103.6.213&apos;, os.name: &apos;Windows 8.1&apos;, os.arch: &apos;amd64&apos;, os.version: &apos;6.3&apos;, java.version: &apos;1.8.0_45&apos;
Driver info: driver.version: unknown
	at org.openqa.selenium.support.ui.ExpectedConditions.lambda$findElement$0(ExpectedConditions.java:883)
	at org.openqa.selenium.support.ui.ExpectedConditions$$Lambda$101/1659286984.get(Unknown Source)
	at java.util.Optional.orElseThrow(Unknown Source)
	at org.openqa.selenium.support.ui.ExpectedConditions.findElement(ExpectedConditions.java:882)
	at org.openqa.selenium.support.ui.ExpectedConditions.access$000(ExpectedConditions.java:44)
	at org.openqa.selenium.support.ui.ExpectedConditions$6.apply(ExpectedConditions.java:183)
	at org.openqa.selenium.support.ui.ExpectedConditions$6.apply(ExpectedConditions.java:180)
	at org.openqa.selenium.support.ui.FluentWait.until(FluentWait.java:209)
	... 29 more
... Removed 25 stack frames
</div> <!-- stack-trace -->
                </div> <!-- method-content -->
              </div> <!-- method -->
            </div> <!-- main-panel-content rounded-window-bottom -->
          </div> <!-- suite-Maui_Jim_Test_Execution_Suite-class-failed -->
        </div> <!-- panel Maui_Jim_Test_Execution_Suite -->
        <div panel-name="test-xml-Maui_Jim_Test_Execution_Suite" class="panel">
          <div class="main-panel-header rounded-window-top">
            <span class="header-content">E:\Accelerator\workspace\B2CATA-Hybrid\resources\TestExecutionSuite-testng.xml</span>
          </div> <!-- main-panel-header rounded-window-top -->
          <div class="main-panel-content rounded-window-bottom">
            <pre>
&lt;?xml version=&quot;1.0&quot; encoding=&quot;UTF-8&quot;?&gt;
&lt;!DOCTYPE suite SYSTEM &quot;http://testng.org/testng-1.0.dtd&quot;&gt;
&lt;suite guice-stage=&quot;DEVELOPMENT&quot; name=&quot;Maui Jim Test Execution Suite&quot;&gt;
  &lt;parameter name=&quot;appURL&quot; value=&quot;https://usmauijim.stg&quot;/&gt;
  &lt;parameter name=&quot;browserType&quot; value=&quot;firefox&quot;/&gt;
  &lt;listeners&gt;
    &lt;listener class-name=&quot;com.pragiti.report.ExtentTestNGIReporterListener&quot;/&gt;
  &lt;/listeners&gt;
  &lt;test name=&quot;Login&quot;&gt;
    &lt;parameter name=&quot;testData&quot; value=&quot;Login.xlsx&quot;/&gt;
    &lt;parameter name=&quot;testCase&quot; value=&quot;Login.xlsx&quot;/&gt;
    &lt;classes&gt;
      &lt;class name=&quot;com.pragiti.excutionEngine.UIExecutor&quot;/&gt;
    &lt;/classes&gt;
  &lt;/test&gt; &lt;!-- Login --&gt;
  &lt;test name=&quot;LoginTwoSet&quot;&gt;
    &lt;parameter name=&quot;testData&quot; value=&quot;LoginTwoSet.xlsx&quot;/&gt;
    &lt;parameter name=&quot;testCase&quot; value=&quot;LoginTwoSet.xlsx&quot;/&gt;
    &lt;classes&gt;
      &lt;class name=&quot;com.pragiti.excutionEngine.UIExecutor&quot;/&gt;
    &lt;/classes&gt;
  &lt;/test&gt; &lt;!-- LoginTwoSet --&gt;
&lt;/suite&gt; &lt;!-- Maui Jim Test Execution Suite --&gt;
            </pre>
          </div> <!-- main-panel-content rounded-window-bottom -->
        </div> <!-- panel -->
        <div panel-name="testlist-Maui_Jim_Test_Execution_Suite" class="panel">
          <div class="main-panel-header rounded-window-top">
            <span class="header-content">Tests for Maui Jim Test Execution Suite</span>
          </div> <!-- main-panel-header rounded-window-top -->
          <div class="main-panel-content rounded-window-bottom">
            <ul>
              <li>
                <span class="test-name">Login (1 class)</span>
              </li>
              <li>
                <span class="test-name">LoginTwoSet (1 class)</span>
              </li>
            </ul>
          </div> <!-- main-panel-content rounded-window-bottom -->
        </div> <!-- panel -->
        <div panel-name="group-Maui_Jim_Test_Execution_Suite" class="panel">
          <div class="main-panel-header rounded-window-top">
            <span class="header-content">Groups for Maui Jim Test Execution Suite</span>
          </div> <!-- main-panel-header rounded-window-top -->
          <div class="main-panel-content rounded-window-bottom">
          </div> <!-- main-panel-content rounded-window-bottom -->
        </div> <!-- panel -->
        <div panel-name="times-Maui_Jim_Test_Execution_Suite" class="panel">
          <div class="main-panel-header rounded-window-top">
            <span class="header-content">Times for Maui Jim Test Execution Suite</span>
          </div> <!-- main-panel-header rounded-window-top -->
          <div class="main-panel-content rounded-window-bottom">
            <div class="times-div">
              <script type="text/javascript">
suiteTableInitFunctions.push('tableData_Maui_Jim_Test_Execution_Suite');
function tableData_Maui_Jim_Test_Execution_Suite() {
var data = new google.visualization.DataTable();
data.addColumn('number', 'Number');
data.addColumn('string', 'Method');
data.addColumn('string', 'Class');
data.addColumn('number', 'Time (ms)');
data.addRows(4);
data.setCell(0, 0, 0)
data.setCell(0, 1, 'execute')
data.setCell(0, 2, 'com.pragiti.excutionEngine.UIExecutor')
data.setCell(0, 3, 37852);
data.setCell(1, 0, 1)
data.setCell(1, 1, 'execute')
data.setCell(1, 2, 'com.pragiti.excutionEngine.UIExecutor')
data.setCell(1, 3, 37752);
data.setCell(2, 0, 2)
data.setCell(2, 1, 'execute')
data.setCell(2, 2, 'com.pragiti.excutionEngine.UIExecutor')
data.setCell(2, 3, 37650);
data.setCell(3, 0, 3)
data.setCell(3, 1, 'execute')
data.setCell(3, 2, 'com.pragiti.excutionEngine.UIExecutor')
data.setCell(3, 3, 36620);
window.suiteTableData['Maui_Jim_Test_Execution_Suite']= { tableData: data, tableDiv: 'times-div-Maui_Jim_Test_Execution_Suite'}
return data;
}
              </script>
              <span class="suite-total-time">Total running time: 2 minutes</span>
              <div id="times-div-Maui_Jim_Test_Execution_Suite">
              </div> <!-- times-div-Maui_Jim_Test_Execution_Suite -->
            </div> <!-- times-div -->
          </div> <!-- main-panel-content rounded-window-bottom -->
        </div> <!-- panel -->
        <div panel-name="reporter-Maui_Jim_Test_Execution_Suite" class="panel">
          <div class="main-panel-header rounded-window-top">
            <span class="header-content">Reporter output for Maui Jim Test Execution Suite</span>
          </div> <!-- main-panel-header rounded-window-top -->
          <div class="main-panel-content rounded-window-bottom">
          </div> <!-- main-panel-content rounded-window-bottom -->
        </div> <!-- panel -->
        <div panel-name="ignored-methods-Maui_Jim_Test_Execution_Suite" class="panel">
          <div class="main-panel-header rounded-window-top">
            <span class="header-content">0 ignored methods</span>
          </div> <!-- main-panel-header rounded-window-top -->
          <div class="main-panel-content rounded-window-bottom">
          </div> <!-- main-panel-content rounded-window-bottom -->
        </div> <!-- panel -->
        <div panel-name="chronological-Maui_Jim_Test_Execution_Suite" class="panel">
          <div class="main-panel-header rounded-window-top">
            <span class="header-content">Methods in chronological order</span>
          </div> <!-- main-panel-header rounded-window-top -->
          <div class="main-panel-content rounded-window-bottom">
            <div class="chronological-class">
              <div class="chronological-class-name">com.pragiti.excutionEngine.UIExecutor</div> <!-- chronological-class-name -->
              <div class="configuration-suite before">
                <span class="method-name">initializeTestBaseSetup(firefox, https://usmauijim.stg)</span>
                <span class="method-start">0 ms</span>
              </div> <!-- configuration-suite before -->
              <div class="configuration-suite before">
                <span class="method-name">setupSuite</span>
                <span class="method-start">10273 ms</span>
              </div> <!-- configuration-suite before -->
              <div class="configuration-test before">
                <span class="method-name">initiaLizeTest(Login.xlsx, Login.xlsx)</span>
                <span class="method-start">10278 ms</span>
              </div> <!-- configuration-test before -->
              <div class="configuration-test before">
                <span class="method-name">setUpTest</span>
                <span class="method-start">10278 ms</span>
              </div> <!-- configuration-test before -->
              <div class="configuration-class before">
                <span class="method-name">setUp</span>
                <span class="method-start">10282 ms</span>
              </div> <!-- configuration-class before -->
              <div class="test-method">
                <img src="failed.png">
                </img>
                <span class="method-name">execute([//div[@id='holderCountry']//a[contains(text(),'AUSTRALIA')]/span[contains(text(),'(English)')], abc...)</span>
                <span class="method-start">10974 ms</span>
              </div> <!-- test-method -->
              <div class="test-method">
                <img src="failed.png">
                </img>
                <span class="method-name">execute([//div[@id='holderCountry']//a[contains(text(),'CANADA')]/span[contains(text(),'(English)')], abc@te...)</span>
                <span class="method-start">48634 ms</span>
              </div> <!-- test-method -->
              <div class="configuration-test before">
                <span class="method-name">initiaLizeTest(LoginTwoSet.xlsx, LoginTwoSet.xlsx)</span>
                <span class="method-start">86529 ms</span>
              </div> <!-- configuration-test before -->
              <div class="configuration-class before">
                <span class="method-name">setUp</span>
                <span class="method-start">86529 ms</span>
              </div> <!-- configuration-class before -->
              <div class="configuration-test before">
                <span class="method-name">setUpTest</span>
                <span class="method-start">86529 ms</span>
              </div> <!-- configuration-test before -->
              <div class="test-method">
                <img src="failed.png">
                </img>
                <span class="method-name">execute([//div[@id='holderCountry']//a[contains(text(),'Germany')]/span[contains(text(),'(German)')], abc@te...)</span>
                <span class="method-start">86570 ms</span>
              </div> <!-- test-method -->
              <div class="test-method">
                <img src="failed.png">
                </img>
                <span class="method-name">execute([//div[@id='holderCountry']//a[contains(text(),'India')]/span[contains(text(),'(English)')], abc@tes...)</span>
                <span class="method-start">124328 ms</span>
              </div> <!-- test-method -->
              <div class="configuration-suite after">
                <span class="method-name">tearDown</span>
                <span class="method-start">160979 ms</span>
              </div> <!-- configuration-suite after -->
          </div> <!-- main-panel-content rounded-window-bottom -->
        </div> <!-- panel -->
      </div> <!-- main-panel-root -->
    </div> <!-- wrapper -->
  </body>
</html>
