<?xml version="1.0" encoding="UTF-8"?>
<!-- Generated by org.testng.reporters.JUnitReportReporter -->
<testsuite skipped="4" hostname="Samik-PC" name="com.pragiti.abc.TestNew" tests="5" failures="0" timestamp="23 May 2017 21:20:58 GMT" time="0.000" errors="1">
  <testcase name="testNew" time="0.000" classname="com.pragiti.abc.TestNew">
    <skipped/>
  </testcase> <!-- testNew -->
  <testcase name="initializeTestBaseSetup" time="0.000" classname="com.pragiti.abc.TestNew">
    <error type="org.testng.TestNGException" message="
Parameter &#039;browserType&#039; is required by BeforeSuite on method initializeTestBaseSetup but has not been marked @Optional or defined
in E:\Accelerator\eclipse code\B2CATA\resources\testNew-testng.xml">
      <![CDATA[org.testng.TestNGException: 
Parameter 'browserType' is required by BeforeSuite on method initializeTestBaseSetup but has not been marked @Optional or defined
in E:\Accelerator\eclipse code\B2CATA\resources\testNew-testng.xml
	at org.testng.internal.Parameters.createParameters(Parameters.java:199)
	at org.testng.internal.Parameters.createParameters(Parameters.java:443)
	at org.testng.internal.Parameters.createConfigurationParameters(Parameters.java:118)
	at org.testng.internal.Invoker.invokeConfigurations(Invoker.java:206)
	at org.testng.internal.Invoker.invokeConfigurations(Invoker.java:146)
	at org.testng.SuiteRunner.privateRun(SuiteRunner.java:326)
	at org.testng.SuiteRunner.run(SuiteRunner.java:289)
	at org.testng.SuiteRunnerWorker.runSuite(SuiteRunnerWorker.java:52)
	at org.testng.SuiteRunnerWorker.run(SuiteRunnerWorker.java:86)
	at org.testng.TestNG.runSuitesSequentially(TestNG.java:1301)
	at org.testng.TestNG.runSuitesLocally(TestNG.java:1226)
	at org.testng.TestNG.runSuites(TestNG.java:1144)
	at org.testng.TestNG.run(TestNG.java:1115)
	at org.testng.remote.AbstractRemoteTestNG.run(AbstractRemoteTestNG.java:126)
	at org.testng.remote.RemoteTestNG.initAndRun(RemoteTestNG.java:152)
	at org.testng.remote.RemoteTestNG.main(RemoteTestNG.java:57)
]]>
    </error>
  </testcase> <!-- initializeTestBaseSetup -->
  <testcase name="testNew" time="0.000" classname="com.pragiti.abc.TestNew">
    <skipped/>
  </testcase> <!-- testNew -->
  <testcase name="testNew" time="0.000" classname="com.pragiti.abc.TestNew">
    <skipped/>
  </testcase> <!-- testNew -->
  <testcase name="testNew" time="0.000" classname="com.pragiti.abc.TestNew">
    <skipped/>
  </testcase> <!-- testNew -->
</testsuite> <!-- com.pragiti.abc.TestNew -->
