<!DOCTYPE html PUBLIC "-//W3C//DTD XHTML 1.1//EN" "http://www.w3.org/TR/xhtml11/DTD/xhtml11.dtd">
<html xmlns="http://www.w3.org/1999/xhtml"><head><title>TestNG Report</title><style type="text/css">table {margin-bottom:10px;border-collapse:collapse;empty-cells:show}th,td {border:1px solid #009;padding:.25em .5em}th {vertical-align:bottom}td {vertical-align:top}table a {font-weight:bold}.stripe td {background-color: #E6EBF9}.num {text-align:right}.passedodd td {background-color: #3F3}.passedeven td {background-color: #0A0}.skippedodd td {background-color: #DDD}.skippedeven td {background-color: #CCC}.failedodd td,.attn {background-color: #F33}.failedeven td,.stripe .attn {background-color: #D00}.stacktrace {white-space:pre;font-family:monospace}.totop {font-size:85%;text-align:center;border-bottom:2px solid #000}</style></head><body><table><tr><th>Test</th><th># Passed</th><th># Skipped</th><th># Failed</th><th>Time (ms)</th><th>Included Groups</th><th>Excluded Groups</th></tr><tr><th colspan="7">Maui Jim Test Execution Suite</th></tr><tr><td><a href="#t0">Registration</a></td><td class="num">3</td><td class="num">0</td><td class="num attn">1</td><td class="num">97,042</td><td></td><td></td></tr><tr class="stripe"><td><a href="#t1">GuestCheckoutRegular</a></td><td class="num">0</td><td class="num">0</td><td class="num attn">2</td><td class="num">188,458</td><td></td><td></td></tr><tr><th>Total</th><th class="num">3</th><th class="num">0</th><th class="num attn">3</th><th class="num">285,500</th><th colspan="2"></th></tr></table><table id='summary'><thead><tr><th>Class</th><th>Method</th><th>Start</th><th>Time (ms)</th></tr></thead><tbody><tr><th colspan="4">Maui Jim Test Execution Suite</th></tr></tbody><tbody id="t0"><tr><th colspan="4">Registration &#8212; failed</th></tr><tr class="failedeven"><td rowspan="1">com.pragiti.excutionEngine.UIExecutor</td><td><a href="#m0">execute</a></td><td rowspan="1">1500589306770</td><td rowspan="1">42407</td></tr><tr><th colspan="4">Registration &#8212; passed</th></tr><tr class="passedeven"><td rowspan="3">com.pragiti.excutionEngine.UIExecutor</td><td><a href="#m1">execute</a></td><td rowspan="3">1500589385570</td><td rowspan="3">17497</td></tr><tr class="passedeven"><td><a href="#m2">execute</a></td></tr><tr class="passedeven"><td><a href="#m3">execute</a></td></tr></tbody><tbody id="t1"><tr><th colspan="4">GuestCheckoutRegular &#8212; failed</th></tr><tr class="failedeven"><td rowspan="2">com.pragiti.excutionEngine.UIExecutor</td><td><a href="#m4">execute</a></td><td rowspan="2">1500589493805</td><td rowspan="2">97752</td></tr><tr class="failedeven"><td><a href="#m5">execute</a></td></tr></tbody></table><h2>Registration</h2><h3 id="m0">com.pragiti.excutionEngine.UIExecutor#execute</h3><table class="result"><tr class="param"><th>Parameter #1</th></tr><tr class="param stripe"><td>[Samik, Banerjee, abc@test90.com, 2A@34567890]</td></tr><tr><th>Exception</th></tr><tr><td><div class="stacktrace">org.openqa.selenium.TimeoutException: Expected condition failed: waiting for presence of element located by: By.xpath: //a[contains(@href, &apos;/en/logout&apos;)] (tried for 20 second(s) with 500 MILLISECONDS interval)
	at org.openqa.selenium.support.ui.WebDriverWait.timeoutException(WebDriverWait.java:80)
	at org.openqa.selenium.support.ui.FluentWait.until(FluentWait.java:232)
	at com.pragiti.excutionEngine.ActionKeys.findElement(ActionKeys.java:108)
	at com.pragiti.excutionEngine.ActionKeys.click(ActionKeys.java:79)
	at com.pragiti.excutionEngine.ActionKeys.executeAction(ActionKeys.java:27)
	at com.pragiti.excutionEngine.UIExecutor.execute(UIExecutor.java:64)
Caused by: org.openqa.selenium.NoSuchElementException: Cannot locate an element using By.xpath: //a[contains(@href, &apos;/en/logout&apos;)]
For documentation on this error, please visit: http://seleniumhq.org/exceptions/no_such_element.html
Build info: version: &apos;3.4.0&apos;, revision: &apos;unknown&apos;, time: &apos;unknown&apos;
System info: host: &apos;SAMIK-PC&apos;, ip: &apos;10.103.6.164&apos;, os.name: &apos;Windows 8.1&apos;, os.arch: &apos;amd64&apos;, os.version: &apos;6.3&apos;, java.version: &apos;1.8.0_45&apos;
Driver info: driver.version: unknown
	at org.openqa.selenium.support.ui.ExpectedConditions.lambda$findElement$0(ExpectedConditions.java:883)
	at org.openqa.selenium.support.ui.ExpectedConditions$$Lambda$101/2143739483.get(Unknown Source)
	at java.util.Optional.orElseThrow(Unknown Source)
	at org.openqa.selenium.support.ui.ExpectedConditions.findElement(ExpectedConditions.java:882)
	at org.openqa.selenium.support.ui.ExpectedConditions.access$000(ExpectedConditions.java:44)
	at org.openqa.selenium.support.ui.ExpectedConditions$6.apply(ExpectedConditions.java:183)
	at org.openqa.selenium.support.ui.ExpectedConditions$6.apply(ExpectedConditions.java:180)
	at org.openqa.selenium.support.ui.FluentWait.until(FluentWait.java:209)
	... 29 more
... Removed 25 stack frames</div></td></tr></table><p class="totop"><a href="#summary">back to summary</a></p><h3 id="m1">com.pragiti.excutionEngine.UIExecutor#execute</h3><table class="result"><tr class="param"><th>Parameter #1</th></tr><tr class="param stripe"><td>[Purvish, P, abc@test94.com, 2A@34567893]</td></tr></table><p class="totop"><a href="#summary">back to summary</a></p><h3 id="m2">com.pragiti.excutionEngine.UIExecutor#execute</h3><table class="result"><tr class="param"><th>Parameter #1</th></tr><tr class="param stripe"><td>[Naved, A, abc@test92.com, 2A@34567891]</td></tr></table><p class="totop"><a href="#summary">back to summary</a></p><h3 id="m3">com.pragiti.excutionEngine.UIExecutor#execute</h3><table class="result"><tr class="param"><th>Parameter #1</th></tr><tr class="param stripe"><td>[Suhaib, Q, abc@test93.com, 2A@34567892]</td></tr></table><p class="totop"><a href="#summary">back to summary</a></p><h2>GuestCheckoutRegular</h2><h3 id="m4">com.pragiti.excutionEngine.UIExecutor#execute</h3><table class="result"><tr class="param"><th>Parameter #1</th></tr><tr class="param stripe"><td>[abc@test2.com, 6517030545, Tanush, G,  , 353 Kiely Blvd, E109, San Jose, CALIFORNIA, 9529, Standard ($0.00), VISA, Tanush, 4111111111111111, 09, 2022, 785]</td></tr><tr><th>Exception</th></tr><tr><td><div class="stacktrace">org.openqa.selenium.InvalidElementStateException: Element is not enabled
Build info: version: &apos;3.4.0&apos;, revision: &apos;unknown&apos;, time: &apos;unknown&apos;
System info: host: &apos;SAMIK-PC&apos;, ip: &apos;10.103.6.164&apos;, os.name: &apos;Windows 8.1&apos;, os.arch: &apos;amd64&apos;, os.version: &apos;6.3&apos;, java.version: &apos;1.8.0_45&apos;
Driver info: org.openqa.selenium.firefox.FirefoxDriver
Capabilities [{moz:profile=C:\Users\Samik\AppData\Local\Temp\rust_mozprofile.WGl71FWV7RoM, rotatable=false, timeouts={implicit=0.0, pageLoad=300000.0, script=30000.0}, pageLoadStrategy=normal, platform=ANY, specificationLevel=0.0, moz:accessibilityChecks=false, acceptInsecureCerts=true, browserVersion=54.0.1, platformVersion=10.0, moz:processID=17876.0, browserName=firefox, javascriptEnabled=true, platformName=windows_nt}]
Session ID: dccc717c-cee0-48c9-b3e3-64983c7abf21
	at org.openqa.selenium.remote.http.W3CHttpResponseCodec.createException(W3CHttpResponseCodec.java:150)
	at org.openqa.selenium.remote.http.W3CHttpResponseCodec.decode(W3CHttpResponseCodec.java:115)
	at org.openqa.selenium.remote.http.W3CHttpResponseCodec.decode(W3CHttpResponseCodec.java:45)
	at org.openqa.selenium.remote.HttpCommandExecutor.execute(HttpCommandExecutor.java:164)
	at org.openqa.selenium.remote.service.DriverCommandExecutor.execute(DriverCommandExecutor.java:82)
	at org.openqa.selenium.remote.RemoteWebDriver.execute(RemoteWebDriver.java:637)
	at org.openqa.selenium.remote.RemoteWebElement.execute(RemoteWebElement.java:272)
	at org.openqa.selenium.remote.RemoteWebElement.click(RemoteWebElement.java:82)
	at com.pragiti.excutionEngine.ActionKeys.click(ActionKeys.java:80)
	at com.pragiti.excutionEngine.ActionKeys.executeAction(ActionKeys.java:27)
	at com.pragiti.excutionEngine.UIExecutor.execute(UIExecutor.java:64)
... Removed 29 stack frames</div></td></tr></table><p class="totop"><a href="#summary">back to summary</a></p><h3 id="m5">com.pragiti.excutionEngine.UIExecutor#execute</h3><table class="result"><tr class="param"><th>Parameter #1</th></tr><tr class="param stripe"><td>[abc@test.com, 6514685841, Samik, Banerjee, 1920, 4280 Albany Drive, J223, San Jose, CALIFORNIA, 9529, Standard ($0.00), VISA, samik, 4111111111111111, 09, 2022, 234]</td></tr><tr><th>Exception</th></tr><tr><td><div class="stacktrace">org.openqa.selenium.InvalidElementStateException: Element is not enabled
Build info: version: &apos;3.4.0&apos;, revision: &apos;unknown&apos;, time: &apos;unknown&apos;
System info: host: &apos;SAMIK-PC&apos;, ip: &apos;10.103.6.164&apos;, os.name: &apos;Windows 8.1&apos;, os.arch: &apos;amd64&apos;, os.version: &apos;6.3&apos;, java.version: &apos;1.8.0_45&apos;
Driver info: org.openqa.selenium.firefox.FirefoxDriver
Capabilities [{moz:profile=C:\Users\Samik\AppData\Local\Temp\rust_mozprofile.WGl71FWV7RoM, rotatable=false, timeouts={implicit=0.0, pageLoad=300000.0, script=30000.0}, pageLoadStrategy=normal, platform=ANY, specificationLevel=0.0, moz:accessibilityChecks=false, acceptInsecureCerts=true, browserVersion=54.0.1, platformVersion=10.0, moz:processID=17876.0, browserName=firefox, javascriptEnabled=true, platformName=windows_nt}]
Session ID: dccc717c-cee0-48c9-b3e3-64983c7abf21
	at org.openqa.selenium.remote.http.W3CHttpResponseCodec.createException(W3CHttpResponseCodec.java:150)
	at org.openqa.selenium.remote.http.W3CHttpResponseCodec.decode(W3CHttpResponseCodec.java:115)
	at org.openqa.selenium.remote.http.W3CHttpResponseCodec.decode(W3CHttpResponseCodec.java:45)
	at org.openqa.selenium.remote.HttpCommandExecutor.execute(HttpCommandExecutor.java:164)
	at org.openqa.selenium.remote.service.DriverCommandExecutor.execute(DriverCommandExecutor.java:82)
	at org.openqa.selenium.remote.RemoteWebDriver.execute(RemoteWebDriver.java:637)
	at org.openqa.selenium.remote.RemoteWebElement.execute(RemoteWebElement.java:272)
	at org.openqa.selenium.remote.RemoteWebElement.click(RemoteWebElement.java:82)
	at com.pragiti.excutionEngine.ActionKeys.click(ActionKeys.java:80)
	at com.pragiti.excutionEngine.ActionKeys.executeAction(ActionKeys.java:27)
	at com.pragiti.excutionEngine.UIExecutor.execute(UIExecutor.java:64)
... Removed 29 stack frames</div></td></tr></table><p class="totop"><a href="#summary">back to summary</a></p></body></html>