<!DOCTYPE html PUBLIC "-//W3C//DTD XHTML 1.1//EN" "http://www.w3.org/TR/xhtml11/DTD/xhtml11.dtd">
<html xmlns="http://www.w3.org/1999/xhtml"><head><title>TestNG Report</title><style type="text/css">table {margin-bottom:10px;border-collapse:collapse;empty-cells:show}th,td {border:1px solid #009;padding:.25em .5em}th {vertical-align:bottom}td {vertical-align:top}table a {font-weight:bold}.stripe td {background-color: #E6EBF9}.num {text-align:right}.passedodd td {background-color: #3F3}.passedeven td {background-color: #0A0}.skippedodd td {background-color: #DDD}.skippedeven td {background-color: #CCC}.failedodd td,.attn {background-color: #F33}.failedeven td,.stripe .attn {background-color: #D00}.stacktrace {white-space:pre;font-family:monospace}.totop {font-size:85%;text-align:center;border-bottom:2px solid #000}</style></head><body><table><tr><th>Test</th><th># Passed</th><th># Skipped</th><th># Failed</th><th>Time (ms)</th><th>Included Groups</th><th>Excluded Groups</th></tr><tr><th colspan="7">Maui Jim Test Execution Suite</th></tr><tr><td><a href="#t0">Login Page</a></td><td class="num">2</td><td class="num">0</td><td class="num">0</td><td class="num">26,235</td><td></td><td></td></tr><tr class="stripe"><td><a href="#t1">Login Page2</a></td><td class="num">1</td><td class="num">0</td><td class="num attn">1</td><td class="num">48,207</td><td></td><td></td></tr><tr><th>Total</th><th class="num">3</th><th class="num">0</th><th class="num attn">1</th><th class="num">74,442</th><th colspan="2"></th></tr></table><table id='summary'><thead><tr><th>Class</th><th>Method</th><th>Start</th><th>Time (ms)</th></tr></thead><tbody><tr><th colspan="4">Maui Jim Test Execution Suite</th></tr></tbody><tbody id="t0"><tr><th colspan="4">Login Page &#8212; passed</th></tr><tr class="passedeven"><td rowspan="2">com.pragiti.excutionEngine.UIExecutor</td><td><a href="#m0">execute</a></td><td rowspan="2">1500361343870</td><td rowspan="2">13640</td></tr><tr class="passedeven"><td><a href="#m1">execute</a></td></tr></tbody><tbody id="t1"><tr><th colspan="4">Login Page2 &#8212; failed</th></tr><tr class="failedeven"><td rowspan="1">com.pragiti.excutionEngine.UIExecutor</td><td><a href="#m2">execute</a></td><td rowspan="1">1500361381591</td><td rowspan="1">36009</td></tr><tr><th colspan="4">Login Page2 &#8212; passed</th></tr><tr class="passedeven"><td rowspan="1">com.pragiti.excutionEngine.UIExecutor</td><td><a href="#m3">execute</a></td><td rowspan="1">1500361369442</td><td rowspan="1">12146</td></tr></tbody></table><h2>Login Page</h2><h3 id="m0">com.pragiti.excutionEngine.UIExecutor#execute</h3><table class="result"><tr class="param"><th>Parameter #1</th></tr><tr class="param stripe"><td>[abc@test4.com, 3000, 1A@23456789]</td></tr></table><p class="totop"><a href="#summary">back to summary</a></p><h3 id="m1">com.pragiti.excutionEngine.UIExecutor#execute</h3><table class="result"><tr class="param"><th>Parameter #1</th></tr><tr class="param stripe"><td>[abc@test3.com, 3000, 1A@23456789]</td></tr></table><p class="totop"><a href="#summary">back to summary</a></p><h2>Login Page2</h2><h3 id="m2">com.pragiti.excutionEngine.UIExecutor#execute</h3><table class="result"><tr class="param"><th>Parameter #1</th></tr><tr class="param stripe"><td>[abc@test.com, 3000, 1A@23456789]</td></tr><tr><th>Exception</th></tr><tr><td><div class="stacktrace">org.openqa.selenium.TimeoutException: Expected condition failed: waiting for presence of element located by: By.xpath: //a[contains(@href, &apos;/logout&apos;)] (tried for 20 second(s) with 500 MILLISECONDS interval)
	at org.openqa.selenium.support.ui.WebDriverWait.timeoutException(WebDriverWait.java:80)
	at org.openqa.selenium.support.ui.FluentWait.until(FluentWait.java:232)
	at com.pragiti.excutionEngine.ActionKeys.findElement(ActionKeys.java:60)
	at com.pragiti.excutionEngine.ActionKeys.click(ActionKeys.java:47)
	at com.pragiti.excutionEngine.ActionKeys.executeAction(ActionKeys.java:24)
	at com.pragiti.excutionEngine.UIExecutor.execute(UIExecutor.java:53)
Caused by: org.openqa.selenium.NoSuchElementException: Cannot locate an element using By.xpath: //a[contains(@href, &apos;/logout&apos;)]
For documentation on this error, please visit: http://seleniumhq.org/exceptions/no_such_element.html
Build info: version: &apos;3.4.0&apos;, revision: &apos;unknown&apos;, time: &apos;unknown&apos;
System info: host: &apos;SAMIK-PC&apos;, ip: &apos;10.103.6.76&apos;, os.name: &apos;Windows 8.1&apos;, os.arch: &apos;amd64&apos;, os.version: &apos;6.3&apos;, java.version: &apos;1.8.0_45&apos;
Driver info: driver.version: unknown
	at org.openqa.selenium.support.ui.ExpectedConditions.lambda$findElement$0(ExpectedConditions.java:883)
	at org.openqa.selenium.support.ui.ExpectedConditions$$Lambda$101/1618984457.get(Unknown Source)
	at java.util.Optional.orElseThrow(Unknown Source)
	at org.openqa.selenium.support.ui.ExpectedConditions.findElement(ExpectedConditions.java:882)
	at org.openqa.selenium.support.ui.ExpectedConditions.access$000(ExpectedConditions.java:44)
	at org.openqa.selenium.support.ui.ExpectedConditions$6.apply(ExpectedConditions.java:183)
	at org.openqa.selenium.support.ui.ExpectedConditions$6.apply(ExpectedConditions.java:180)
	at org.openqa.selenium.support.ui.FluentWait.until(FluentWait.java:209)
	... 29 more
... Removed 25 stack frames</div></td></tr></table><p class="totop"><a href="#summary">back to summary</a></p><h3 id="m3">com.pragiti.excutionEngine.UIExecutor#execute</h3><table class="result"><tr class="param"><th>Parameter #1</th></tr><tr class="param stripe"><td>[abc@test2.com, 3000, 1A@23456789]</td></tr></table><p class="totop"><a href="#summary">back to summary</a></p></body></html>