<!DOCTYPE html PUBLIC "-//W3C//DTD XHTML 1.1//EN" "http://www.w3.org/TR/xhtml11/DTD/xhtml11.dtd">
<html xmlns="http://www.w3.org/1999/xhtml"><head><title>TestNG Report</title><style type="text/css">table {margin-bottom:10px;border-collapse:collapse;empty-cells:show}th,td {border:1px solid #009;padding:.25em .5em}th {vertical-align:bottom}td {vertical-align:top}table a {font-weight:bold}.stripe td {background-color: #E6EBF9}.num {text-align:right}.passedodd td {background-color: #3F3}.passedeven td {background-color: #0A0}.skippedodd td {background-color: #DDD}.skippedeven td {background-color: #CCC}.failedodd td,.attn {background-color: #F33}.failedeven td,.stripe .attn {background-color: #D00}.stacktrace {white-space:pre;font-family:monospace}.totop {font-size:85%;text-align:center;border-bottom:2px solid #000}</style></head><body><table><tr><th>Test</th><th># Passed</th><th># Skipped</th><th># Failed</th><th>Time (ms)</th><th>Included Groups</th><th>Excluded Groups</th></tr><tr><th colspan="7">Maui Jim Test Execution Suite</th></tr><tr><td><a href="#t0">Login Page</a></td><td class="num">2</td><td class="num">0</td><td class="num">0</td><td class="num">30,395</td><td></td><td></td></tr><tr class="stripe"><td><a href="#t1">Registration</a></td><td class="num">1</td><td class="num">0</td><td class="num attn">1</td><td class="num">57,392</td><td></td><td></td></tr><tr><td><a href="#t2">Checkout</a></td><td class="num">0</td><td class="num">0</td><td class="num attn">1</td><td class="num">7</td><td></td><td></td></tr><tr><th>Total</th><th class="num">3</th><th class="num">0</th><th class="num attn">2</th><th class="num">87,794</th><th colspan="2"></th></tr></table><table id='summary'><thead><tr><th>Class</th><th>Method</th><th>Start</th><th>Time (ms)</th></tr></thead><tbody><tr><th colspan="4">Maui Jim Test Execution Suite</th></tr></tbody><tbody id="t0"><tr><th colspan="4">Login Page &#8212; passed</th></tr><tr class="passedeven"><td rowspan="2">com.pragiti.excutionEngine.UIExecutor</td><td><a href="#m0">execute</a></td><td rowspan="2">1500404441619</td><td rowspan="2">17352</td></tr><tr class="passedeven"><td><a href="#m1">execute</a></td></tr></tbody><tbody id="t1"><tr><th colspan="4">Registration &#8212; failed</th></tr><tr class="failedeven"><td rowspan="1">com.pragiti.excutionEngine.UIExecutor</td><td><a href="#m2">execute</a></td><td rowspan="1">1500404482392</td><td rowspan="1">45850</td></tr><tr><th colspan="4">Registration &#8212; passed</th></tr><tr class="passedeven"><td rowspan="1">com.pragiti.excutionEngine.UIExecutor</td><td><a href="#m3">execute</a></td><td rowspan="1">1500404470905</td><td rowspan="1">11473</td></tr></tbody><tbody id="t2"><tr><th colspan="4">Checkout &#8212; failed</th></tr><tr class="failedeven"><td rowspan="1">com.pragiti.excutionEngine.UIExecutor</td><td><a href="#m4">execute</a></td><td rowspan="1">1500404528271</td><td rowspan="1">0</td></tr></tbody></table><h2>Login Page</h2><h3 id="m0">com.pragiti.excutionEngine.UIExecutor#execute</h3><table class="result"><tr class="param"><th>Parameter #1</th></tr><tr class="param stripe"><td>[abc@test4.com, 3000, 1A@23456789]</td></tr></table><p class="totop"><a href="#summary">back to summary</a></p><h3 id="m1">com.pragiti.excutionEngine.UIExecutor#execute</h3><table class="result"><tr class="param"><th>Parameter #1</th></tr><tr class="param stripe"><td>[abc@test3.com, 3000, 1A@23456789]</td></tr></table><p class="totop"><a href="#summary">back to summary</a></p><h2>Registration</h2><h3 id="m2">com.pragiti.excutionEngine.UIExecutor#execute</h3><table class="result"><tr class="param"><th>Parameter #1</th></tr><tr class="param stripe"><td>[abc@test.com, 3000, 1A@23456789]</td></tr><tr><th>Exception</th></tr><tr><td><div class="stacktrace">org.openqa.selenium.NoSuchElementException: no such element: Unable to locate element: {&quot;method&quot;:&quot;xpath&quot;,&quot;selector&quot;:&quot;//a[contains(@href, &apos;/logout&apos;)]&quot;}
  (Session info: chrome=59.0.3071.115)
  (Driver info: chromedriver=2.30.477700 (0057494ad8732195794a7b32078424f92a5fce41),platform=Windows NT 10.0.15063 x86_64) (WARNING: The server did not provide any stacktrace information)
Command duration or timeout: 40.10 seconds
For documentation on this error, please visit: http://seleniumhq.org/exceptions/no_such_element.html
Build info: version: &apos;3.4.0&apos;, revision: &apos;unknown&apos;, time: &apos;unknown&apos;
System info: host: &apos;SAMIK-PC&apos;, ip: &apos;10.103.6.77&apos;, os.name: &apos;Windows 8.1&apos;, os.arch: &apos;amd64&apos;, os.version: &apos;6.3&apos;, java.version: &apos;1.8.0_45&apos;
Driver info: org.openqa.selenium.chrome.ChromeDriver
Capabilities [{applicationCacheEnabled=false, rotatable=false, mobileEmulationEnabled=false, networkConnectionEnabled=false, chrome={chromedriverVersion=2.30.477700 (0057494ad8732195794a7b32078424f92a5fce41), userDataDir=C:\Users\Samik\AppData\Local\Temp\scoped_dir3244_20816}, takesHeapSnapshot=true, pageLoadStrategy=normal, databaseEnabled=false, handlesAlerts=true, hasTouchScreen=false, version=59.0.3071.115, platform=WIN8_1, browserConnectionEnabled=false, nativeEvents=true, acceptSslCerts=true, locationContextEnabled=true, webStorageEnabled=true, browserName=chrome, takesScreenshot=true, javascriptEnabled=true, cssSelectorsEnabled=true, unexpectedAlertBehaviour=}]
Session ID: 0b49837de88901408be06824046cc5f5
*** Element info: {Using=xpath, value=//a[contains(@href, &apos;/logout&apos;)]}
	at org.openqa.selenium.remote.ErrorHandler.createThrowable(ErrorHandler.java:215)
	at org.openqa.selenium.remote.ErrorHandler.throwIfResponseFailed(ErrorHandler.java:167)
	at org.openqa.selenium.remote.RemoteWebDriver.execute(RemoteWebDriver.java:671)
	at org.openqa.selenium.remote.RemoteWebDriver.findElement(RemoteWebDriver.java:410)
	at org.openqa.selenium.remote.RemoteWebDriver.findElementByXPath(RemoteWebDriver.java:509)
	at org.openqa.selenium.By$ByXPath.findElement(By.java:361)
	at org.openqa.selenium.remote.RemoteWebDriver.findElement(RemoteWebDriver.java:402)
	at com.pragiti.excutionEngine.ActionKeys.findElement(ActionKeys.java:60)
	at com.pragiti.excutionEngine.ActionKeys.click(ActionKeys.java:47)
	at com.pragiti.excutionEngine.ActionKeys.executeAction(ActionKeys.java:24)
	at com.pragiti.excutionEngine.UIExecutor.execute(UIExecutor.java:53)
... Removed 29 stack frames</div></td></tr></table><p class="totop"><a href="#summary">back to summary</a></p><h3 id="m3">com.pragiti.excutionEngine.UIExecutor#execute</h3><table class="result"><tr class="param"><th>Parameter #1</th></tr><tr class="param stripe"><td>[abc@test2.com, 3000, 1A@23456789]</td></tr></table><p class="totop"><a href="#summary">back to summary</a></p><h2>Checkout</h2><h3 id="m4">com.pragiti.excutionEngine.UIExecutor#execute</h3><table class="result"><tr><th>Exception</th></tr><tr><td><div class="stacktrace">org.testng.TestNGException: 
Data Provider public java.lang.Object[][] com.pragiti.excutionEngine.UIExecutor.XLSX() throws java.lang.Exception must return either Object[][] or Iterator&lt;Object&gt;[], not class [[Ljava.lang.Object;
... Removed 22 stack frames</div></td></tr></table><p class="totop"><a href="#summary">back to summary</a></p></body></html>